[youtube] Extracting URL: https://www.youtube.com/watch?v=6PsITx_ynqQ
[youtube] 6PsITx_ynqQ: Downloading webpage
[youtube] Extracting URL: https://www.youtube.com/watch?v=6PsITx_ynqQ
[youtube] 6PsITx_ynqQ: Downloading webpage
[youtube] 6PsITx_ynqQ: Downloading ios player API JSON
[youtube] 6PsITx_ynqQ: Downloading ios player API JSON
[youtube] 6PsITx_ynqQ: Downloading android player API JSON
[youtube] 6PsITx_ynqQ: Downloading android player API JSON
[youtube] 6PsITx_ynqQ: Downloading android player API JSON
[youtube] 6PsITx_ynqQ: Downloading android player API JSON
[youtube] 6PsITx_ynqQ: Downloading android player API JSON
[youtube] 6PsITx_ynqQ: Downloading android player API JSON
[youtube] 6PsITx_ynqQ: Downloading android player API JSON
[youtube] 6PsITx_ynqQ: Downloading android player API JSON
[youtube] 6PsITx_ynqQ: Downloading m3u8 information
[youtube] 6PsITx_ynqQ: Downloading m3u8 information
[youtube] 6PsITx_ynqQ: Downloading m3u8 information
[youtube] 6PsITx_ynqQ: Downloading m3u8 information
[youtube] Extracting URL: https://www.youtube.com/watch?v=6PsITx_ynqQ
[youtube] 6PsITx_ynqQ: Downloading webpage
[youtube] 6PsITx_ynqQ: Downloading ios player API JSON
[youtube] 6PsITx_ynqQ: Downloading android player API JSON
[youtube] 6PsITx_ynqQ: Downloading android player API JSON
[youtube] 6PsITx_ynqQ: Downloading android player API JSON
[youtube] 6PsITx_ynqQ: Downloading android player API JSON
[youtube] 6PsITx_ynqQ: Downloading m3u8 information
[youtube] 6PsITx_ynqQ: Downloading m3u8 information
[youtube] Extracting URL: https://www.youtube.com/watch?v=6PsITx_ynqQ
[youtube] 6PsITx_ynqQ: Downloading webpage
[youtube] 6PsITx_ynqQ: Downloading ios player API JSON
[youtube] 6PsITx_ynqQ: Downloading android player API JSON
[youtube] 6PsITx_ynqQ: Downloading android player API JSON
[youtube] 6PsITx_ynqQ: Downloading android player API JSON
[youtube] 6PsITx_ynqQ: Downloading android player API JSON
[youtube] 6PsITx_ynqQ: Downloading m3u8 information
[youtube] 6PsITx_ynqQ: Downloading m3u8 information
